<?xml version="1.0" encoding="UTF-8"?>
<testng-results ignored="0" total="1" passed="1" failed="0" skipped="0">
  <reporter-output>
  </reporter-output>
  <suite started-at="2024-10-08T12:19:45 IST" name="Surefire suite" finished-at="2024-10-08T12:19:46 IST" duration-ms="1741">
    <groups>
    </groups>
    <test started-at="2024-10-08T12:19:45 IST" name="Surefire test" finished-at="2024-10-08T12:19:46 IST" duration-ms="1741">
      <class name="com.testscript.Test">
        <test-method signature="log()[pri:0, instance:com.testscript.Test@473b46c3]" started-at="2024-10-08T12:19:45 IST" name="log" finished-at="2024-10-08T12:19:46 IST" duration-ms="1699" status="PASS">
          <reporter-output>
          </reporter-output>
        </test-method> <!-- log -->
      </class> <!-- com.testscript.Test -->
    </test> <!-- Surefire test -->
  </suite> <!-- Surefire suite -->
</testng-results>
