<?xml version="1.0" encoding="UTF-8"?>
<testng-results total="1" passed="1" failed="0" skipped="0">
  <reporter-output>
    <line>
      <![CDATA[success]]>
    </line>
  </reporter-output>
  <suite started-at="2024-10-08T09:31:16Z" name="Default suite" finished-at="2024-10-08T09:31:25Z" duration-ms="9865">
    <groups>
    </groups>
    <test started-at="2024-10-08T09:31:16Z" name="Default test" finished-at="2024-10-08T09:31:25Z" duration-ms="9865">
      <class name="com.testscrt.HELLO">
        <test-method is-config="true" signature="open()[pri:0, instance:com.testscrt.HELLO@38467116]" started-at="2024-10-08T15:01:16Z" name="open" finished-at="2024-10-08T15:01:25Z" duration-ms="9835" status="PASS">
          <reporter-output>
          </reporter-output>
        </test-method> <!-- open -->
        <test-method signature="samle()[pri:0, instance:com.testscrt.HELLO@38467116]" started-at="2024-10-08T15:01:25Z" name="samle" finished-at="2024-10-08T15:01:25Z" duration-ms="6" status="PASS">
          <reporter-output>
            <line>
              <![CDATA[success]]>
            </line>
          </reporter-output>
        </test-method> <!-- samle -->
      </class> <!-- com.testscrt.HELLO -->
    </test> <!-- Default test -->
  </suite> <!-- Default suite -->
</testng-results>
