<?xml version="1.0" encoding="UTF-8"?>
<testng-results ignored="0" total="1" passed="1" failed="0" skipped="0">
  <reporter-output>
  </reporter-output>
  <suite started-at="2024-10-08T12:19:00 IST" name="Default suite" finished-at="2024-10-08T12:19:02 IST" duration-ms="1973">
    <groups>
    </groups>
    <test started-at="2024-10-08T12:19:00 IST" name="Default test" finished-at="2024-10-08T12:19:02 IST" duration-ms="1973">
      <class name="com.testscript.Test">
        <test-method signature="log()[pri:0, instance:com.testscript.Test@47d90b9e]" started-at="2024-10-08T12:19:00 IST" name="log" finished-at="2024-10-08T12:19:02 IST" duration-ms="1932" status="PASS">
          <reporter-output>
          </reporter-output>
        </test-method> <!-- log -->
      </class> <!-- com.testscript.Test -->
    </test> <!-- Default test -->
  </suite> <!-- Default suite -->
</testng-results>
