<?xml version="1.0" encoding="UTF-8"?>
<!-- Generated by org.testng.reporters.JUnitXMLReporter -->
<testsuite hostname="c889f3ed9aa4" failures="3" tests="8" name="Testgs" time="15.644" errors="0" timestamp="26 Apr 2024 07:49:59 GMT">
  <testcase classname="com.testScript.TestClass" name="loginn2" time="3.435">
    <failure type="java.lang.AssertionError" message="null">
      <![CDATA[java.lang.AssertionError: null
	at com.testScript.TestClass.loginn2(TestClass.java:53)
... Removed 26 stack frames]]>
    </failure>
  </testcase> <!-- loginn2 -->
  <testcase classname="com.testScript.TestClass" name="loginn2" time="1.41">
    <failure type="java.lang.AssertionError" message="null">
      <![CDATA[java.lang.AssertionError: null
	at com.testScript.TestClass.loginn2(TestClass.java:53)
... Removed 26 stack frames]]>
    </failure>
  </testcase> <!-- loginn2 -->
  <testcase classname="com.testScript.TestClass" name="loginn2" time="0.222">
    <failure type="java.lang.AssertionError" message="null">
      <![CDATA[java.lang.AssertionError: null
	at com.testScript.TestClass.loginn2(TestClass.java:53)
... Removed 26 stack frames]]>
    </failure>
  </testcase> <!-- loginn2 -->
  <testcase classname="com.testScript.Droup3" name="f" time="0.002"/>
  <testcase classname="com.testScript.GroupExecution" name="a1" time="0.001"/>
  <testcase classname="com.testScript.GroupExecution" name="a2" time="0.002"/>
  <testcase classname="com.testScript.Group2" name="xe" time="0.006"/>
  <testcase classname="com.testScript.TestClass" name="loginn" time="0.0">
    <skipped/>
  </testcase> <!-- loginn -->
</testsuite> <!-- Testgs -->
