<?xml version="1.0" encoding="UTF-8"?>
<!-- Generated by org.testng.reporters.JUnitXMLReporter -->
<testsuite ignored="1" hostname="c889f3ed9aa4" failures="0" tests="3" name="Test" time="0.065" errors="0" timestamp="2024-10-07T14:11:55 IST">
  <testcase classname="com.testScript.Droup3" name="f" time="0.012"/>
  <testcase classname="com.testScript.GroupExecution" name="a1" time="0.002"/>
  <testcase classname="com.testScript.Group2" name="xe" time="0.002"/>
  <testcase classname="com.testScript.GroupExecution" name="a2" time="0.0">
    <ignored/>
  </testcase> <!-- a2 -->
</testsuite> <!-- Test -->
