<?xml version="1.0" encoding="UTF-8"?>
<!-- Generated by org.testng.reporters.JUnitXMLReporter -->
<testsuite hostname="c889f3ed9aa4" failures="3" tests="5" name="Testngg" time="20.358" errors="0" timestamp="26 Apr 2024 07:47:21 GMT">
  <testcase classname="com.testScript.TestClass" name="loginn2" time="3.155">
    <failure type="java.lang.AssertionError">
      <![CDATA[java.lang.AssertionError: 
	at com.testScript.TestClass.loginn2(TestClass.java:51)
... Removed 26 stack frames]]>
    </failure>
  </testcase> <!-- loginn2 -->
  <testcase classname="com.testScript.TestClass" name="loginn2" time="1.621">
    <failure type="java.lang.AssertionError">
      <![CDATA[java.lang.AssertionError: 
	at com.testScript.TestClass.loginn2(TestClass.java:51)
... Removed 26 stack frames]]>
    </failure>
  </testcase> <!-- loginn2 -->
  <testcase classname="com.testScript.TestClass" name="loginn2" time="0.206">
    <failure type="java.lang.AssertionError">
      <![CDATA[java.lang.AssertionError: 
	at com.testScript.TestClass.loginn2(TestClass.java:51)
... Removed 26 stack frames]]>
    </failure>
  </testcase> <!-- loginn2 -->
  <testcase classname="com.testScript.GroupExecution" name="a2" time="0.002"/>
  <testcase classname="com.testScript.TestClass" name="loginn" time="0.0">
    <skipped/>
  </testcase> <!-- loginn -->
</testsuite> <!-- Testngg -->
